2015-10-08 13:42:25,546 [ModalContext] INFO  o.e.m.c.i.e.AbstractTransferListenerAdapter - Downloading http://repo.maven.apache.org/maven2/org/apache/maven/archetypes/maven-archetype-quickstart/maven-metadata.xml
2015-10-08 13:42:25,610 [ModalContext] INFO  o.e.m.c.i.e.AbstractTransferListenerAdapter - Downloaded http://repo.maven.apache.org/maven2/org/apache/maven/archetypes/maven-archetype-quickstart/maven-metadata.xml
2015-10-08 13:45:14,921 [pool-2-thread-1] INFO  o.e.m.c.i.e.AbstractTransferListenerAdapter - Downloaded file:///Users/ayokota/.m2/repository/org/apache/maven/archetypes/maven-archetype-quickstart/1.1/maven-archetype-quickstart-1.1.jar
2015-10-08 13:45:14,955 [Worker-35] INFO  o.e.m.c.i.p.ProjectConfigurationManager - Collecting project info '/pom.xml' /Users/ayokota/Desktop/projects/informationRetrival/webCrawler/pom.xml
2015-10-08 13:45:15,817 [Worker-35] INFO  o.e.m.c.i.l.LifecycleMappingFactory - Using org.eclipse.m2e.jdt.JarLifecycleMapping lifecycle mapping for MavenProject: CS172_Info_Ret:webCrawler:0.0.1-SNAPSHOT @ /Users/ayokota/Desktop/projects/informationRetrival/webCrawler/pom.xml.
2015-10-08 13:45:16,032 [Worker-35] INFO  o.e.m.j.i.AbstractJavaProjectConfigurator - Adding source folder /webCrawler/src/main/java
2015-10-08 13:45:16,034 [Worker-35] INFO  o.e.m.j.i.AbstractJavaProjectConfigurator - Adding source folder /webCrawler/src/test/java
2015-10-08 13:45:16,102 [Worker-35] INFO  o.e.m.c.i.p.ProjectConfigurationManager - Imported and configured 1 project(s) in 1 sec
2015-10-08 13:45:16,484 [Worker-36] INFO  o.e.m.c.i.l.LifecycleMappingFactory - Using org.eclipse.m2e.jdt.JarLifecycleMapping lifecycle mapping for MavenProject: CS172_Info_Ret:webCrawler:0.0.1-SNAPSHOT @ /Users/ayokota/Desktop/projects/informationRetrival/webCrawler/pom.xml.
2015-10-08 13:45:16,548 [Worker-36] INFO  o.e.m.c.i.embedder.EclipseLogger - Using 'UTF-8' encoding to copy filtered resources.
2015-10-08 13:45:16,548 [Worker-36] INFO  o.e.m.c.i.embedder.EclipseLogger - skip non existing resourceDirectory /Users/ayokota/Desktop/projects/informationRetrival/webCrawler/src/main/resources
2015-10-08 13:45:16,550 [Worker-36] INFO  o.e.m.c.i.embedder.EclipseLogger - Using 'UTF-8' encoding to copy filtered resources.
2015-10-08 13:45:16,550 [Worker-36] INFO  o.e.m.c.i.embedder.EclipseLogger - skip non existing resourceDirectory /Users/ayokota/Desktop/projects/informationRetrival/webCrawler/src/test/resources
2015-10-08 13:45:17,258 [Worker-35] INFO  o.e.m.c.i.l.LifecycleMappingFactory - Using org.eclipse.m2e.jdt.JarLifecycleMapping lifecycle mapping for MavenProject: CS172_Info_Ret:webCrawler:0.0.1-SNAPSHOT @ /Users/ayokota/Desktop/projects/informationRetrival/webCrawler/pom.xml.
2015-10-08 13:45:17,667 [Worker-32] INFO  o.e.m.c.i.embedder.EclipseLogger - Using 'UTF-8' encoding to copy filtered resources.
2015-10-08 13:45:17,668 [Worker-32] INFO  o.e.m.c.i.embedder.EclipseLogger - skip non existing resourceDirectory /Users/ayokota/Desktop/projects/informationRetrival/webCrawler/src/main/resources
2015-10-08 13:45:17,669 [Worker-32] INFO  o.e.m.c.i.embedder.EclipseLogger - Using 'UTF-8' encoding to copy filtered resources.
2015-10-08 13:45:17,669 [Worker-32] INFO  o.e.m.c.i.embedder.EclipseLogger - skip non existing resourceDirectory /Users/ayokota/Desktop/projects/informationRetrival/webCrawler/src/test/resources
2015-10-08 13:45:42,290 [Worker-37] INFO  o.e.m.c.i.embedder.EclipseLogger - Using 'UTF-8' encoding to copy filtered resources.
2015-10-08 13:45:42,290 [Worker-37] INFO  o.e.m.c.i.embedder.EclipseLogger - skip non existing resourceDirectory /Users/ayokota/Desktop/projects/informationRetrival/webCrawler/src/main/resources
2015-10-08 13:45:42,292 [Worker-37] INFO  o.e.m.c.i.embedder.EclipseLogger - Using 'UTF-8' encoding to copy filtered resources.
2015-10-08 13:45:42,293 [Worker-37] INFO  o.e.m.c.i.embedder.EclipseLogger - skip non existing resourceDirectory /Users/ayokota/Desktop/projects/informationRetrival/webCrawler/src/test/resources
2015-10-08 13:45:49,731 [Worker-35] INFO  o.e.m.c.i.embedder.EclipseLogger - Using 'UTF-8' encoding to copy filtered resources.
2015-10-08 13:45:49,731 [Worker-35] INFO  o.e.m.c.i.embedder.EclipseLogger - skip non existing resourceDirectory /Users/ayokota/Desktop/projects/informationRetrival/webCrawler/src/main/resources
2015-10-08 13:45:49,733 [Worker-35] INFO  o.e.m.c.i.embedder.EclipseLogger - Using 'UTF-8' encoding to copy filtered resources.
2015-10-08 13:45:49,733 [Worker-35] INFO  o.e.m.c.i.embedder.EclipseLogger - skip non existing resourceDirectory /Users/ayokota/Desktop/projects/informationRetrival/webCrawler/src/test/resources
2015-10-08 13:48:26,486 [Worker-28] INFO  o.e.m.c.i.embedder.EclipseLogger - Using 'UTF-8' encoding to copy filtered resources.
2015-10-08 13:48:26,486 [Worker-28] INFO  o.e.m.c.i.embedder.EclipseLogger - skip non existing resourceDirectory /Users/ayokota/Desktop/projects/informationRetrival/webCrawler/src/main/resources
2015-10-08 13:48:26,487 [Worker-28] INFO  o.e.m.c.i.embedder.EclipseLogger - Using 'UTF-8' encoding to copy filtered resources.
2015-10-08 13:48:26,487 [Worker-28] INFO  o.e.m.c.i.embedder.EclipseLogger - skip non existing resourceDirectory /Users/ayokota/Desktop/projects/informationRetrival/webCrawler/src/test/resources
2015-10-11 23:09:15,968 [Worker-6] INFO  o.e.m.c.i.embedder.EclipseLogger - Using 'UTF-8' encoding to copy filtered resources.
2015-10-11 23:09:15,971 [Worker-6] INFO  o.e.m.c.i.embedder.EclipseLogger - skip non existing resourceDirectory /Users/ayokota/Desktop/projects/informationRetrival/webCrawler/src/main/resources
2015-10-11 23:09:15,979 [Worker-6] INFO  o.e.m.c.i.embedder.EclipseLogger - Using 'UTF-8' encoding to copy filtered resources.
2015-10-11 23:09:15,980 [Worker-6] INFO  o.e.m.c.i.embedder.EclipseLogger - skip non existing resourceDirectory /Users/ayokota/Desktop/projects/informationRetrival/webCrawler/src/test/resources
2015-10-11 23:09:19,708 [Worker-1] INFO  o.e.m.c.i.embedder.EclipseLogger - Using 'UTF-8' encoding to copy filtered resources.
2015-10-11 23:09:19,709 [Worker-1] INFO  o.e.m.c.i.embedder.EclipseLogger - skip non existing resourceDirectory /Users/ayokota/Desktop/projects/informationRetrival/webCrawler/src/main/resources
2015-10-11 23:09:19,711 [Worker-1] INFO  o.e.m.c.i.embedder.EclipseLogger - Using 'UTF-8' encoding to copy filtered resources.
2015-10-11 23:09:19,711 [Worker-1] INFO  o.e.m.c.i.embedder.EclipseLogger - skip non existing resourceDirectory /Users/ayokota/Desktop/projects/informationRetrival/webCrawler/src/test/resources
2015-10-11 23:11:21,597 [Worker-4] INFO  o.e.m.c.i.embedder.EclipseLogger - Using 'UTF-8' encoding to copy filtered resources.
2015-10-11 23:11:21,597 [Worker-4] INFO  o.e.m.c.i.embedder.EclipseLogger - skip non existing resourceDirectory /Users/ayokota/Desktop/projects/informationRetrival/webCrawler/src/main/resources
2015-10-11 23:11:21,599 [Worker-4] INFO  o.e.m.c.i.embedder.EclipseLogger - Using 'UTF-8' encoding to copy filtered resources.
2015-10-11 23:11:21,599 [Worker-4] INFO  o.e.m.c.i.embedder.EclipseLogger - skip non existing resourceDirectory /Users/ayokota/Desktop/projects/informationRetrival/webCrawler/src/test/resources
2015-10-11 23:11:41,540 [Worker-7] INFO  o.e.m.c.i.embedder.EclipseLogger - Using 'UTF-8' encoding to copy filtered resources.
2015-10-11 23:11:41,540 [Worker-7] INFO  o.e.m.c.i.embedder.EclipseLogger - skip non existing resourceDirectory /Users/ayokota/Desktop/projects/informationRetrival/webCrawler/src/main/resources
2015-10-11 23:11:41,542 [Worker-7] INFO  o.e.m.c.i.embedder.EclipseLogger - Using 'UTF-8' encoding to copy filtered resources.
2015-10-11 23:11:41,542 [Worker-7] INFO  o.e.m.c.i.embedder.EclipseLogger - skip non existing resourceDirectory /Users/ayokota/Desktop/projects/informationRetrival/webCrawler/src/test/resources
2015-10-11 23:11:50,186 [Worker-2] INFO  o.e.m.c.i.embedder.EclipseLogger - Using 'UTF-8' encoding to copy filtered resources.
2015-10-11 23:11:50,186 [Worker-2] INFO  o.e.m.c.i.embedder.EclipseLogger - skip non existing resourceDirectory /Users/ayokota/Desktop/projects/informationRetrival/webCrawler/src/main/resources
2015-10-11 23:11:50,187 [Worker-2] INFO  o.e.m.c.i.embedder.EclipseLogger - Using 'UTF-8' encoding to copy filtered resources.
2015-10-11 23:11:50,187 [Worker-2] INFO  o.e.m.c.i.embedder.EclipseLogger - skip non existing resourceDirectory /Users/ayokota/Desktop/projects/informationRetrival/webCrawler/src/test/resources
2015-10-11 23:11:52,800 [Worker-3] INFO  o.e.m.c.i.embedder.EclipseLogger - Using 'UTF-8' encoding to copy filtered resources.
2015-10-11 23:11:52,801 [Worker-3] INFO  o.e.m.c.i.embedder.EclipseLogger - skip non existing resourceDirectory /Users/ayokota/Desktop/projects/informationRetrival/webCrawler/src/main/resources
2015-10-11 23:11:52,803 [Worker-3] INFO  o.e.m.c.i.embedder.EclipseLogger - Using 'UTF-8' encoding to copy filtered resources.
2015-10-11 23:11:52,803 [Worker-3] INFO  o.e.m.c.i.embedder.EclipseLogger - skip non existing resourceDirectory /Users/ayokota/Desktop/projects/informationRetrival/webCrawler/src/test/resources
2015-10-11 23:11:57,796 [Worker-6] INFO  o.e.m.c.i.embedder.EclipseLogger - Using 'UTF-8' encoding to copy filtered resources.
2015-10-11 23:11:57,796 [Worker-6] INFO  o.e.m.c.i.embedder.EclipseLogger - skip non existing resourceDirectory /Users/ayokota/Desktop/projects/informationRetrival/webCrawler/src/main/resources
2015-10-11 23:11:57,797 [Worker-6] INFO  o.e.m.c.i.embedder.EclipseLogger - Using 'UTF-8' encoding to copy filtered resources.
2015-10-11 23:11:57,798 [Worker-6] INFO  o.e.m.c.i.embedder.EclipseLogger - skip non existing resourceDirectory /Users/ayokota/Desktop/projects/informationRetrival/webCrawler/src/test/resources
2015-10-11 23:12:02,392 [Worker-7] INFO  o.e.m.c.i.embedder.EclipseLogger - Using 'UTF-8' encoding to copy filtered resources.
2015-10-11 23:12:02,392 [Worker-7] INFO  o.e.m.c.i.embedder.EclipseLogger - skip non existing resourceDirectory /Users/ayokota/Desktop/projects/informationRetrival/webCrawler/src/main/resources
2015-10-11 23:12:02,396 [Worker-7] INFO  o.e.m.c.i.embedder.EclipseLogger - Using 'UTF-8' encoding to copy filtered resources.
2015-10-11 23:12:02,396 [Worker-7] INFO  o.e.m.c.i.embedder.EclipseLogger - skip non existing resourceDirectory /Users/ayokota/Desktop/projects/informationRetrival/webCrawler/src/test/resources
2015-10-11 23:12:30,797 [Worker-7] INFO  o.e.m.c.i.embedder.EclipseLogger - Using 'UTF-8' encoding to copy filtered resources.
2015-10-11 23:12:30,798 [Worker-7] INFO  o.e.m.c.i.embedder.EclipseLogger - skip non existing resourceDirectory /Users/ayokota/Desktop/projects/informationRetrival/webCrawler/src/main/resources
2015-10-11 23:12:30,799 [Worker-7] INFO  o.e.m.c.i.embedder.EclipseLogger - Using 'UTF-8' encoding to copy filtered resources.
2015-10-11 23:12:30,800 [Worker-7] INFO  o.e.m.c.i.embedder.EclipseLogger - skip non existing resourceDirectory /Users/ayokota/Desktop/projects/informationRetrival/webCrawler/src/test/resources
2015-10-11 23:12:38,259 [Worker-0] INFO  o.e.m.c.i.embedder.EclipseLogger - Using 'UTF-8' encoding to copy filtered resources.
2015-10-11 23:12:38,259 [Worker-0] INFO  o.e.m.c.i.embedder.EclipseLogger - skip non existing resourceDirectory /Users/ayokota/Desktop/projects/informationRetrival/webCrawler/src/main/resources
2015-10-11 23:12:38,261 [Worker-0] INFO  o.e.m.c.i.embedder.EclipseLogger - Using 'UTF-8' encoding to copy filtered resources.
2015-10-11 23:12:38,261 [Worker-0] INFO  o.e.m.c.i.embedder.EclipseLogger - skip non existing resourceDirectory /Users/ayokota/Desktop/projects/informationRetrival/webCrawler/src/test/resources
2015-10-11 23:12:50,035 [Worker-4] INFO  o.e.m.c.i.embedder.EclipseLogger - Using 'UTF-8' encoding to copy filtered resources.
2015-10-11 23:12:50,036 [Worker-4] INFO  o.e.m.c.i.embedder.EclipseLogger - skip non existing resourceDirectory /Users/ayokota/Desktop/projects/informationRetrival/webCrawler/src/main/resources
2015-10-11 23:12:50,037 [Worker-4] INFO  o.e.m.c.i.embedder.EclipseLogger - Using 'UTF-8' encoding to copy filtered resources.
2015-10-11 23:12:50,037 [Worker-4] INFO  o.e.m.c.i.embedder.EclipseLogger - skip non existing resourceDirectory /Users/ayokota/Desktop/projects/informationRetrival/webCrawler/src/test/resources
2015-10-11 23:13:11,738 [Worker-8] INFO  o.e.m.c.i.embedder.EclipseLogger - Using 'UTF-8' encoding to copy filtered resources.
2015-10-11 23:13:11,738 [Worker-8] INFO  o.e.m.c.i.embedder.EclipseLogger - skip non existing resourceDirectory /Users/ayokota/Desktop/projects/informationRetrival/webCrawler/src/main/resources
2015-10-11 23:13:11,739 [Worker-8] INFO  o.e.m.c.i.embedder.EclipseLogger - Using 'UTF-8' encoding to copy filtered resources.
2015-10-11 23:13:11,739 [Worker-8] INFO  o.e.m.c.i.embedder.EclipseLogger - skip non existing resourceDirectory /Users/ayokota/Desktop/projects/informationRetrival/webCrawler/src/test/resources
2015-10-11 23:13:19,946 [Worker-8] INFO  o.e.m.c.i.embedder.EclipseLogger - Using 'UTF-8' encoding to copy filtered resources.
2015-10-11 23:13:19,946 [Worker-8] INFO  o.e.m.c.i.embedder.EclipseLogger - skip non existing resourceDirectory /Users/ayokota/Desktop/projects/informationRetrival/webCrawler/src/main/resources
2015-10-11 23:13:19,948 [Worker-8] INFO  o.e.m.c.i.embedder.EclipseLogger - Using 'UTF-8' encoding to copy filtered resources.
2015-10-11 23:13:19,948 [Worker-8] INFO  o.e.m.c.i.embedder.EclipseLogger - skip non existing resourceDirectory /Users/ayokota/Desktop/projects/informationRetrival/webCrawler/src/test/resources
2015-10-11 23:14:37,976 [Worker-2] INFO  o.e.m.c.i.embedder.EclipseLogger - Using 'UTF-8' encoding to copy filtered resources.
2015-10-11 23:14:37,976 [Worker-2] INFO  o.e.m.c.i.embedder.EclipseLogger - skip non existing resourceDirectory /Users/ayokota/Desktop/projects/informationRetrival/webCrawler/src/main/resources
2015-10-11 23:14:37,978 [Worker-2] INFO  o.e.m.c.i.embedder.EclipseLogger - Using 'UTF-8' encoding to copy filtered resources.
2015-10-11 23:14:37,978 [Worker-2] INFO  o.e.m.c.i.embedder.EclipseLogger - skip non existing resourceDirectory /Users/ayokota/Desktop/projects/informationRetrival/webCrawler/src/test/resources
2015-10-11 23:18:05,797 [Worker-6] INFO  o.e.m.c.i.embedder.EclipseLogger - Using 'UTF-8' encoding to copy filtered resources.
2015-10-11 23:18:05,798 [Worker-6] INFO  o.e.m.c.i.embedder.EclipseLogger - skip non existing resourceDirectory /Users/ayokota/Desktop/projects/informationRetrival/webCrawler/src/main/resources
2015-10-11 23:18:05,799 [Worker-6] INFO  o.e.m.c.i.embedder.EclipseLogger - Using 'UTF-8' encoding to copy filtered resources.
2015-10-11 23:18:05,799 [Worker-6] INFO  o.e.m.c.i.embedder.EclipseLogger - skip non existing resourceDirectory /Users/ayokota/Desktop/projects/informationRetrival/webCrawler/src/test/resources
2015-10-11 23:18:17,897 [Worker-2] INFO  o.e.m.c.i.embedder.EclipseLogger - Using 'UTF-8' encoding to copy filtered resources.
2015-10-11 23:18:17,897 [Worker-2] INFO  o.e.m.c.i.embedder.EclipseLogger - skip non existing resourceDirectory /Users/ayokota/Desktop/projects/informationRetrival/webCrawler/src/main/resources
2015-10-11 23:18:17,901 [Worker-2] INFO  o.e.m.c.i.embedder.EclipseLogger - Using 'UTF-8' encoding to copy filtered resources.
2015-10-11 23:18:17,901 [Worker-2] INFO  o.e.m.c.i.embedder.EclipseLogger - skip non existing resourceDirectory /Users/ayokota/Desktop/projects/informationRetrival/webCrawler/src/test/resources
2015-10-11 23:19:08,069 [Worker-3] INFO  o.e.m.c.i.embedder.EclipseLogger - Using 'UTF-8' encoding to copy filtered resources.
2015-10-11 23:19:08,069 [Worker-3] INFO  o.e.m.c.i.embedder.EclipseLogger - skip non existing resourceDirectory /Users/ayokota/Desktop/projects/informationRetrival/webCrawler/src/main/resources
2015-10-11 23:19:08,070 [Worker-3] INFO  o.e.m.c.i.embedder.EclipseLogger - Using 'UTF-8' encoding to copy filtered resources.
2015-10-11 23:19:08,070 [Worker-3] INFO  o.e.m.c.i.embedder.EclipseLogger - skip non existing resourceDirectory /Users/ayokota/Desktop/projects/informationRetrival/webCrawler/src/test/resources
2015-10-11 23:20:52,527 [Worker-0] INFO  o.e.m.c.i.embedder.EclipseLogger - Using 'UTF-8' encoding to copy filtered resources.
2015-10-11 23:20:52,527 [Worker-0] INFO  o.e.m.c.i.embedder.EclipseLogger - skip non existing resourceDirectory /Users/ayokota/Desktop/projects/informationRetrival/webCrawler/src/main/resources
2015-10-11 23:20:52,529 [Worker-0] INFO  o.e.m.c.i.embedder.EclipseLogger - Using 'UTF-8' encoding to copy filtered resources.
2015-10-11 23:20:52,529 [Worker-0] INFO  o.e.m.c.i.embedder.EclipseLogger - skip non existing resourceDirectory /Users/ayokota/Desktop/projects/informationRetrival/webCrawler/src/test/resources
2015-10-11 23:23:19,429 [Worker-4] INFO  o.e.m.c.i.embedder.EclipseLogger - Using 'UTF-8' encoding to copy filtered resources.
2015-10-11 23:23:19,429 [Worker-4] INFO  o.e.m.c.i.embedder.EclipseLogger - skip non existing resourceDirectory /Users/ayokota/Desktop/projects/informationRetrival/webCrawler/src/main/resources
2015-10-11 23:23:19,431 [Worker-4] INFO  o.e.m.c.i.embedder.EclipseLogger - Using 'UTF-8' encoding to copy filtered resources.
2015-10-11 23:23:19,431 [Worker-4] INFO  o.e.m.c.i.embedder.EclipseLogger - skip non existing resourceDirectory /Users/ayokota/Desktop/projects/informationRetrival/webCrawler/src/test/resources
2015-10-11 23:27:13,109 [Worker-1] INFO  o.e.m.c.i.embedder.EclipseLogger - Using 'UTF-8' encoding to copy filtered resources.
2015-10-11 23:27:13,109 [Worker-1] INFO  o.e.m.c.i.embedder.EclipseLogger - skip non existing resourceDirectory /Users/ayokota/Desktop/projects/informationRetrival/webCrawler/src/main/resources
2015-10-11 23:27:13,111 [Worker-1] INFO  o.e.m.c.i.embedder.EclipseLogger - Using 'UTF-8' encoding to copy filtered resources.
2015-10-11 23:27:13,111 [Worker-1] INFO  o.e.m.c.i.embedder.EclipseLogger - skip non existing resourceDirectory /Users/ayokota/Desktop/projects/informationRetrival/webCrawler/src/test/resources
2015-10-11 23:27:20,626 [Worker-8] INFO  o.e.m.c.i.embedder.EclipseLogger - Using 'UTF-8' encoding to copy filtered resources.
2015-10-11 23:27:20,626 [Worker-8] INFO  o.e.m.c.i.embedder.EclipseLogger - skip non existing resourceDirectory /Users/ayokota/Desktop/projects/informationRetrival/webCrawler/src/main/resources
2015-10-11 23:27:20,627 [Worker-8] INFO  o.e.m.c.i.embedder.EclipseLogger - Using 'UTF-8' encoding to copy filtered resources.
2015-10-11 23:27:20,627 [Worker-8] INFO  o.e.m.c.i.embedder.EclipseLogger - skip non existing resourceDirectory /Users/ayokota/Desktop/projects/informationRetrival/webCrawler/src/test/resources
2015-10-11 23:27:30,797 [Worker-1] INFO  o.e.m.c.i.embedder.EclipseLogger - Using 'UTF-8' encoding to copy filtered resources.
2015-10-11 23:27:30,797 [Worker-1] INFO  o.e.m.c.i.embedder.EclipseLogger - skip non existing resourceDirectory /Users/ayokota/Desktop/projects/informationRetrival/webCrawler/src/main/resources
2015-10-11 23:27:30,799 [Worker-1] INFO  o.e.m.c.i.embedder.EclipseLogger - Using 'UTF-8' encoding to copy filtered resources.
2015-10-11 23:27:30,799 [Worker-1] INFO  o.e.m.c.i.embedder.EclipseLogger - skip non existing resourceDirectory /Users/ayokota/Desktop/projects/informationRetrival/webCrawler/src/test/resources
2015-10-11 23:28:19,775 [Worker-3] INFO  o.e.m.c.i.embedder.EclipseLogger - Using 'UTF-8' encoding to copy filtered resources.
2015-10-11 23:28:19,775 [Worker-3] INFO  o.e.m.c.i.embedder.EclipseLogger - skip non existing resourceDirectory /Users/ayokota/Desktop/projects/informationRetrival/webCrawler/src/main/resources
2015-10-11 23:28:19,777 [Worker-3] INFO  o.e.m.c.i.embedder.EclipseLogger - Using 'UTF-8' encoding to copy filtered resources.
2015-10-11 23:28:19,777 [Worker-3] INFO  o.e.m.c.i.embedder.EclipseLogger - skip non existing resourceDirectory /Users/ayokota/Desktop/projects/informationRetrival/webCrawler/src/test/resources
2015-10-11 23:28:47,481 [Worker-4] INFO  o.e.m.c.i.embedder.EclipseLogger - Using 'UTF-8' encoding to copy filtered resources.
2015-10-11 23:28:47,481 [Worker-4] INFO  o.e.m.c.i.embedder.EclipseLogger - skip non existing resourceDirectory /Users/ayokota/Desktop/projects/informationRetrival/webCrawler/src/main/resources
2015-10-11 23:28:47,482 [Worker-4] INFO  o.e.m.c.i.embedder.EclipseLogger - Using 'UTF-8' encoding to copy filtered resources.
2015-10-11 23:28:47,482 [Worker-4] INFO  o.e.m.c.i.embedder.EclipseLogger - skip non existing resourceDirectory /Users/ayokota/Desktop/projects/informationRetrival/webCrawler/src/test/resources
2015-10-11 23:29:06,935 [Worker-8] INFO  o.e.m.c.i.embedder.EclipseLogger - Using 'UTF-8' encoding to copy filtered resources.
2015-10-11 23:29:06,935 [Worker-8] INFO  o.e.m.c.i.embedder.EclipseLogger - skip non existing resourceDirectory /Users/ayokota/Desktop/projects/informationRetrival/webCrawler/src/main/resources
2015-10-11 23:29:06,936 [Worker-8] INFO  o.e.m.c.i.embedder.EclipseLogger - Using 'UTF-8' encoding to copy filtered resources.
2015-10-11 23:29:06,937 [Worker-8] INFO  o.e.m.c.i.embedder.EclipseLogger - skip non existing resourceDirectory /Users/ayokota/Desktop/projects/informationRetrival/webCrawler/src/test/resources
2015-10-11 23:29:16,065 [Worker-8] INFO  o.e.m.c.i.embedder.EclipseLogger - Using 'UTF-8' encoding to copy filtered resources.
2015-10-11 23:29:16,065 [Worker-8] INFO  o.e.m.c.i.embedder.EclipseLogger - skip non existing resourceDirectory /Users/ayokota/Desktop/projects/informationRetrival/webCrawler/src/main/resources
2015-10-11 23:29:16,067 [Worker-8] INFO  o.e.m.c.i.embedder.EclipseLogger - Using 'UTF-8' encoding to copy filtered resources.
2015-10-11 23:29:16,067 [Worker-8] INFO  o.e.m.c.i.embedder.EclipseLogger - skip non existing resourceDirectory /Users/ayokota/Desktop/projects/informationRetrival/webCrawler/src/test/resources
2015-10-11 23:29:23,049 [Worker-3] INFO  o.e.m.c.i.embedder.EclipseLogger - Using 'UTF-8' encoding to copy filtered resources.
2015-10-11 23:29:23,049 [Worker-3] INFO  o.e.m.c.i.embedder.EclipseLogger - skip non existing resourceDirectory /Users/ayokota/Desktop/projects/informationRetrival/webCrawler/src/main/resources
2015-10-11 23:29:23,050 [Worker-3] INFO  o.e.m.c.i.embedder.EclipseLogger - Using 'UTF-8' encoding to copy filtered resources.
2015-10-11 23:29:23,050 [Worker-3] INFO  o.e.m.c.i.embedder.EclipseLogger - skip non existing resourceDirectory /Users/ayokota/Desktop/projects/informationRetrival/webCrawler/src/test/resources
2015-10-11 23:29:25,026 [Worker-1] INFO  o.e.m.c.i.embedder.EclipseLogger - Using 'UTF-8' encoding to copy filtered resources.
2015-10-11 23:29:25,026 [Worker-1] INFO  o.e.m.c.i.embedder.EclipseLogger - skip non existing resourceDirectory /Users/ayokota/Desktop/projects/informationRetrival/webCrawler/src/main/resources
2015-10-11 23:29:25,028 [Worker-1] INFO  o.e.m.c.i.embedder.EclipseLogger - Using 'UTF-8' encoding to copy filtered resources.
2015-10-11 23:29:25,028 [Worker-1] INFO  o.e.m.c.i.embedder.EclipseLogger - skip non existing resourceDirectory /Users/ayokota/Desktop/projects/informationRetrival/webCrawler/src/test/resources
2015-10-11 23:29:28,541 [Worker-6] INFO  o.e.m.c.i.embedder.EclipseLogger - Using 'UTF-8' encoding to copy filtered resources.
2015-10-11 23:29:28,541 [Worker-6] INFO  o.e.m.c.i.embedder.EclipseLogger - skip non existing resourceDirectory /Users/ayokota/Desktop/projects/informationRetrival/webCrawler/src/main/resources
2015-10-11 23:29:28,543 [Worker-6] INFO  o.e.m.c.i.embedder.EclipseLogger - Using 'UTF-8' encoding to copy filtered resources.
2015-10-11 23:29:28,543 [Worker-6] INFO  o.e.m.c.i.embedder.EclipseLogger - skip non existing resourceDirectory /Users/ayokota/Desktop/projects/informationRetrival/webCrawler/src/test/resources
2015-10-11 23:29:46,822 [Worker-0] INFO  o.e.m.c.i.embedder.EclipseLogger - Using 'UTF-8' encoding to copy filtered resources.
2015-10-11 23:29:46,822 [Worker-0] INFO  o.e.m.c.i.embedder.EclipseLogger - skip non existing resourceDirectory /Users/ayokota/Desktop/projects/informationRetrival/webCrawler/src/main/resources
2015-10-11 23:29:46,823 [Worker-0] INFO  o.e.m.c.i.embedder.EclipseLogger - Using 'UTF-8' encoding to copy filtered resources.
2015-10-11 23:29:46,823 [Worker-0] INFO  o.e.m.c.i.embedder.EclipseLogger - skip non existing resourceDirectory /Users/ayokota/Desktop/projects/informationRetrival/webCrawler/src/test/resources
2015-10-11 23:30:06,687 [Worker-3] INFO  o.e.m.c.i.embedder.EclipseLogger - Using 'UTF-8' encoding to copy filtered resources.
2015-10-11 23:30:06,687 [Worker-3] INFO  o.e.m.c.i.embedder.EclipseLogger - skip non existing resourceDirectory /Users/ayokota/Desktop/projects/informationRetrival/webCrawler/src/main/resources
2015-10-11 23:30:06,688 [Worker-3] INFO  o.e.m.c.i.embedder.EclipseLogger - Using 'UTF-8' encoding to copy filtered resources.
2015-10-11 23:30:06,688 [Worker-3] INFO  o.e.m.c.i.embedder.EclipseLogger - skip non existing resourceDirectory /Users/ayokota/Desktop/projects/informationRetrival/webCrawler/src/test/resources
2015-10-11 23:30:17,159 [Worker-4] INFO  o.e.m.c.i.embedder.EclipseLogger - Using 'UTF-8' encoding to copy filtered resources.
2015-10-11 23:30:17,159 [Worker-4] INFO  o.e.m.c.i.embedder.EclipseLogger - skip non existing resourceDirectory /Users/ayokota/Desktop/projects/informationRetrival/webCrawler/src/main/resources
2015-10-11 23:30:17,160 [Worker-4] INFO  o.e.m.c.i.embedder.EclipseLogger - Using 'UTF-8' encoding to copy filtered resources.
2015-10-11 23:30:17,160 [Worker-4] INFO  o.e.m.c.i.embedder.EclipseLogger - skip non existing resourceDirectory /Users/ayokota/Desktop/projects/informationRetrival/webCrawler/src/test/resources
2015-10-11 23:30:30,062 [Worker-7] INFO  o.e.m.c.i.embedder.EclipseLogger - Using 'UTF-8' encoding to copy filtered resources.
2015-10-11 23:30:30,062 [Worker-7] INFO  o.e.m.c.i.embedder.EclipseLogger - skip non existing resourceDirectory /Users/ayokota/Desktop/projects/informationRetrival/webCrawler/src/main/resources
2015-10-11 23:30:30,064 [Worker-7] INFO  o.e.m.c.i.embedder.EclipseLogger - Using 'UTF-8' encoding to copy filtered resources.
2015-10-11 23:30:30,064 [Worker-7] INFO  o.e.m.c.i.embedder.EclipseLogger - skip non existing resourceDirectory /Users/ayokota/Desktop/projects/informationRetrival/webCrawler/src/test/resources
2015-10-11 23:30:47,515 [Worker-3] INFO  o.e.m.c.i.embedder.EclipseLogger - Using 'UTF-8' encoding to copy filtered resources.
2015-10-11 23:30:47,515 [Worker-3] INFO  o.e.m.c.i.embedder.EclipseLogger - skip non existing resourceDirectory /Users/ayokota/Desktop/projects/informationRetrival/webCrawler/src/main/resources
2015-10-11 23:30:47,516 [Worker-3] INFO  o.e.m.c.i.embedder.EclipseLogger - Using 'UTF-8' encoding to copy filtered resources.
2015-10-11 23:30:47,516 [Worker-3] INFO  o.e.m.c.i.embedder.EclipseLogger - skip non existing resourceDirectory /Users/ayokota/Desktop/projects/informationRetrival/webCrawler/src/test/resources
2015-10-11 23:31:07,005 [Worker-4] INFO  o.e.m.c.i.embedder.EclipseLogger - Using 'UTF-8' encoding to copy filtered resources.
2015-10-11 23:31:07,005 [Worker-4] INFO  o.e.m.c.i.embedder.EclipseLogger - skip non existing resourceDirectory /Users/ayokota/Desktop/projects/informationRetrival/webCrawler/src/main/resources
2015-10-11 23:31:07,006 [Worker-4] INFO  o.e.m.c.i.embedder.EclipseLogger - Using 'UTF-8' encoding to copy filtered resources.
2015-10-11 23:31:07,006 [Worker-4] INFO  o.e.m.c.i.embedder.EclipseLogger - skip non existing resourceDirectory /Users/ayokota/Desktop/projects/informationRetrival/webCrawler/src/test/resources
2015-10-11 23:31:36,781 [Worker-6] INFO  o.e.m.c.i.embedder.EclipseLogger - Using 'UTF-8' encoding to copy filtered resources.
2015-10-11 23:31:36,781 [Worker-6] INFO  o.e.m.c.i.embedder.EclipseLogger - skip non existing resourceDirectory /Users/ayokota/Desktop/projects/informationRetrival/webCrawler/src/main/resources
2015-10-11 23:31:36,782 [Worker-6] INFO  o.e.m.c.i.embedder.EclipseLogger - Using 'UTF-8' encoding to copy filtered resources.
2015-10-11 23:31:36,783 [Worker-6] INFO  o.e.m.c.i.embedder.EclipseLogger - skip non existing resourceDirectory /Users/ayokota/Desktop/projects/informationRetrival/webCrawler/src/test/resources
2015-10-11 23:31:52,018 [Worker-2] INFO  o.e.m.c.i.embedder.EclipseLogger - Using 'UTF-8' encoding to copy filtered resources.
2015-10-11 23:31:52,018 [Worker-2] INFO  o.e.m.c.i.embedder.EclipseLogger - skip non existing resourceDirectory /Users/ayokota/Desktop/projects/informationRetrival/webCrawler/src/main/resources
2015-10-11 23:31:52,020 [Worker-2] INFO  o.e.m.c.i.embedder.EclipseLogger - Using 'UTF-8' encoding to copy filtered resources.
2015-10-11 23:31:52,020 [Worker-2] INFO  o.e.m.c.i.embedder.EclipseLogger - skip non existing resourceDirectory /Users/ayokota/Desktop/projects/informationRetrival/webCrawler/src/test/resources
2015-10-11 23:31:56,601 [Worker-0] INFO  o.e.m.c.i.embedder.EclipseLogger - Using 'UTF-8' encoding to copy filtered resources.
2015-10-11 23:31:56,601 [Worker-0] INFO  o.e.m.c.i.embedder.EclipseLogger - skip non existing resourceDirectory /Users/ayokota/Desktop/projects/informationRetrival/webCrawler/src/main/resources
2015-10-11 23:31:56,602 [Worker-0] INFO  o.e.m.c.i.embedder.EclipseLogger - Using 'UTF-8' encoding to copy filtered resources.
2015-10-11 23:31:56,602 [Worker-0] INFO  o.e.m.c.i.embedder.EclipseLogger - skip non existing resourceDirectory /Users/ayokota/Desktop/projects/informationRetrival/webCrawler/src/test/resources
2015-10-11 23:32:22,013 [Worker-6] INFO  o.e.m.c.i.embedder.EclipseLogger - Using 'UTF-8' encoding to copy filtered resources.
2015-10-11 23:32:22,014 [Worker-6] INFO  o.e.m.c.i.embedder.EclipseLogger - skip non existing resourceDirectory /Users/ayokota/Desktop/projects/informationRetrival/webCrawler/src/main/resources
2015-10-11 23:32:22,016 [Worker-6] INFO  o.e.m.c.i.embedder.EclipseLogger - Using 'UTF-8' encoding to copy filtered resources.
2015-10-11 23:32:22,016 [Worker-6] INFO  o.e.m.c.i.embedder.EclipseLogger - skip non existing resourceDirectory /Users/ayokota/Desktop/projects/informationRetrival/webCrawler/src/test/resources
2015-10-11 23:32:40,457 [Worker-6] INFO  o.e.m.c.i.embedder.EclipseLogger - Using 'UTF-8' encoding to copy filtered resources.
2015-10-11 23:32:40,458 [Worker-6] INFO  o.e.m.c.i.embedder.EclipseLogger - skip non existing resourceDirectory /Users/ayokota/Desktop/projects/informationRetrival/webCrawler/src/main/resources
2015-10-11 23:32:40,459 [Worker-6] INFO  o.e.m.c.i.embedder.EclipseLogger - Using 'UTF-8' encoding to copy filtered resources.
2015-10-11 23:32:40,459 [Worker-6] INFO  o.e.m.c.i.embedder.EclipseLogger - skip non existing resourceDirectory /Users/ayokota/Desktop/projects/informationRetrival/webCrawler/src/test/resources
2015-10-11 23:32:47,382 [Worker-5] INFO  o.e.m.c.i.embedder.EclipseLogger - Using 'UTF-8' encoding to copy filtered resources.
2015-10-11 23:32:47,382 [Worker-5] INFO  o.e.m.c.i.embedder.EclipseLogger - skip non existing resourceDirectory /Users/ayokota/Desktop/projects/informationRetrival/webCrawler/src/main/resources
2015-10-11 23:32:47,383 [Worker-5] INFO  o.e.m.c.i.embedder.EclipseLogger - Using 'UTF-8' encoding to copy filtered resources.
2015-10-11 23:32:47,384 [Worker-5] INFO  o.e.m.c.i.embedder.EclipseLogger - skip non existing resourceDirectory /Users/ayokota/Desktop/projects/informationRetrival/webCrawler/src/test/resources
2015-10-11 23:32:50,645 [Worker-1] INFO  o.e.m.c.i.embedder.EclipseLogger - Using 'UTF-8' encoding to copy filtered resources.
2015-10-11 23:32:50,645 [Worker-1] INFO  o.e.m.c.i.embedder.EclipseLogger - skip non existing resourceDirectory /Users/ayokota/Desktop/projects/informationRetrival/webCrawler/src/main/resources
2015-10-11 23:32:50,646 [Worker-1] INFO  o.e.m.c.i.embedder.EclipseLogger - Using 'UTF-8' encoding to copy filtered resources.
2015-10-11 23:32:50,646 [Worker-1] INFO  o.e.m.c.i.embedder.EclipseLogger - skip non existing resourceDirectory /Users/ayokota/Desktop/projects/informationRetrival/webCrawler/src/test/resources
2015-10-11 23:32:54,058 [Worker-3] INFO  o.e.m.c.i.embedder.EclipseLogger - Using 'UTF-8' encoding to copy filtered resources.
2015-10-11 23:32:54,058 [Worker-3] INFO  o.e.m.c.i.embedder.EclipseLogger - skip non existing resourceDirectory /Users/ayokota/Desktop/projects/informationRetrival/webCrawler/src/main/resources
2015-10-11 23:32:54,059 [Worker-3] INFO  o.e.m.c.i.embedder.EclipseLogger - Using 'UTF-8' encoding to copy filtered resources.
2015-10-11 23:32:54,059 [Worker-3] INFO  o.e.m.c.i.embedder.EclipseLogger - skip non existing resourceDirectory /Users/ayokota/Desktop/projects/informationRetrival/webCrawler/src/test/resources
2015-10-11 23:32:59,965 [Worker-3] INFO  o.e.m.c.i.embedder.EclipseLogger - Using 'UTF-8' encoding to copy filtered resources.
2015-10-11 23:32:59,965 [Worker-3] INFO  o.e.m.c.i.embedder.EclipseLogger - skip non existing resourceDirectory /Users/ayokota/Desktop/projects/informationRetrival/webCrawler/src/main/resources
2015-10-11 23:32:59,967 [Worker-3] INFO  o.e.m.c.i.embedder.EclipseLogger - Using 'UTF-8' encoding to copy filtered resources.
2015-10-11 23:32:59,967 [Worker-3] INFO  o.e.m.c.i.embedder.EclipseLogger - skip non existing resourceDirectory /Users/ayokota/Desktop/projects/informationRetrival/webCrawler/src/test/resources
2015-10-11 23:33:04,808 [Worker-8] INFO  o.e.m.c.i.embedder.EclipseLogger - Using 'UTF-8' encoding to copy filtered resources.
2015-10-11 23:33:04,808 [Worker-8] INFO  o.e.m.c.i.embedder.EclipseLogger - skip non existing resourceDirectory /Users/ayokota/Desktop/projects/informationRetrival/webCrawler/src/main/resources
2015-10-11 23:33:04,809 [Worker-8] INFO  o.e.m.c.i.embedder.EclipseLogger - Using 'UTF-8' encoding to copy filtered resources.
2015-10-11 23:33:04,809 [Worker-8] INFO  o.e.m.c.i.embedder.EclipseLogger - skip non existing resourceDirectory /Users/ayokota/Desktop/projects/informationRetrival/webCrawler/src/test/resources
2015-10-11 23:33:33,125 [Worker-5] INFO  o.e.m.c.i.embedder.EclipseLogger - Using 'UTF-8' encoding to copy filtered resources.
2015-10-11 23:33:33,125 [Worker-5] INFO  o.e.m.c.i.embedder.EclipseLogger - skip non existing resourceDirectory /Users/ayokota/Desktop/projects/informationRetrival/webCrawler/src/main/resources
2015-10-11 23:33:33,126 [Worker-5] INFO  o.e.m.c.i.embedder.EclipseLogger - Using 'UTF-8' encoding to copy filtered resources.
2015-10-11 23:33:33,126 [Worker-5] INFO  o.e.m.c.i.embedder.EclipseLogger - skip non existing resourceDirectory /Users/ayokota/Desktop/projects/informationRetrival/webCrawler/src/test/resources
2015-10-11 23:33:36,407 [Worker-7] INFO  o.e.m.c.i.embedder.EclipseLogger - Using 'UTF-8' encoding to copy filtered resources.
2015-10-11 23:33:36,407 [Worker-7] INFO  o.e.m.c.i.embedder.EclipseLogger - skip non existing resourceDirectory /Users/ayokota/Desktop/projects/informationRetrival/webCrawler/src/main/resources
2015-10-11 23:33:36,408 [Worker-7] INFO  o.e.m.c.i.embedder.EclipseLogger - Using 'UTF-8' encoding to copy filtered resources.
2015-10-11 23:33:36,408 [Worker-7] INFO  o.e.m.c.i.embedder.EclipseLogger - skip non existing resourceDirectory /Users/ayokota/Desktop/projects/informationRetrival/webCrawler/src/test/resources
2015-10-11 23:33:43,707 [Worker-2] INFO  o.e.m.c.i.embedder.EclipseLogger - Using 'UTF-8' encoding to copy filtered resources.
2015-10-11 23:33:43,707 [Worker-2] INFO  o.e.m.c.i.embedder.EclipseLogger - skip non existing resourceDirectory /Users/ayokota/Desktop/projects/informationRetrival/webCrawler/src/main/resources
2015-10-11 23:33:43,708 [Worker-2] INFO  o.e.m.c.i.embedder.EclipseLogger - Using 'UTF-8' encoding to copy filtered resources.
2015-10-11 23:33:43,708 [Worker-2] INFO  o.e.m.c.i.embedder.EclipseLogger - skip non existing resourceDirectory /Users/ayokota/Desktop/projects/informationRetrival/webCrawler/src/test/resources
2015-10-11 23:33:59,112 [Worker-7] INFO  o.e.m.c.i.embedder.EclipseLogger - Using 'UTF-8' encoding to copy filtered resources.
2015-10-11 23:33:59,113 [Worker-7] INFO  o.e.m.c.i.embedder.EclipseLogger - skip non existing resourceDirectory /Users/ayokota/Desktop/projects/informationRetrival/webCrawler/src/main/resources
2015-10-11 23:33:59,114 [Worker-7] INFO  o.e.m.c.i.embedder.EclipseLogger - Using 'UTF-8' encoding to copy filtered resources.
2015-10-11 23:33:59,114 [Worker-7] INFO  o.e.m.c.i.embedder.EclipseLogger - skip non existing resourceDirectory /Users/ayokota/Desktop/projects/informationRetrival/webCrawler/src/test/resources
2015-10-11 23:34:09,563 [Worker-8] INFO  o.e.m.c.i.embedder.EclipseLogger - Using 'UTF-8' encoding to copy filtered resources.
2015-10-11 23:34:09,563 [Worker-8] INFO  o.e.m.c.i.embedder.EclipseLogger - skip non existing resourceDirectory /Users/ayokota/Desktop/projects/informationRetrival/webCrawler/src/main/resources
2015-10-11 23:34:09,564 [Worker-8] INFO  o.e.m.c.i.embedder.EclipseLogger - Using 'UTF-8' encoding to copy filtered resources.
2015-10-11 23:34:09,564 [Worker-8] INFO  o.e.m.c.i.embedder.EclipseLogger - skip non existing resourceDirectory /Users/ayokota/Desktop/projects/informationRetrival/webCrawler/src/test/resources
2015-10-11 23:34:29,008 [Worker-2] INFO  o.e.m.c.i.embedder.EclipseLogger - Using 'UTF-8' encoding to copy filtered resources.
2015-10-11 23:34:29,008 [Worker-2] INFO  o.e.m.c.i.embedder.EclipseLogger - skip non existing resourceDirectory /Users/ayokota/Desktop/projects/informationRetrival/webCrawler/src/main/resources
2015-10-11 23:34:29,010 [Worker-2] INFO  o.e.m.c.i.embedder.EclipseLogger - Using 'UTF-8' encoding to copy filtered resources.
2015-10-11 23:34:29,010 [Worker-2] INFO  o.e.m.c.i.embedder.EclipseLogger - skip non existing resourceDirectory /Users/ayokota/Desktop/projects/informationRetrival/webCrawler/src/test/resources
2015-10-11 23:35:03,032 [Worker-1] INFO  o.e.m.c.i.embedder.EclipseLogger - Using 'UTF-8' encoding to copy filtered resources.
2015-10-11 23:35:03,032 [Worker-1] INFO  o.e.m.c.i.embedder.EclipseLogger - skip non existing resourceDirectory /Users/ayokota/Desktop/projects/informationRetrival/webCrawler/src/main/resources
2015-10-11 23:35:03,034 [Worker-1] INFO  o.e.m.c.i.embedder.EclipseLogger - Using 'UTF-8' encoding to copy filtered resources.
2015-10-11 23:35:03,034 [Worker-1] INFO  o.e.m.c.i.embedder.EclipseLogger - skip non existing resourceDirectory /Users/ayokota/Desktop/projects/informationRetrival/webCrawler/src/test/resources
2015-10-11 23:35:07,909 [Worker-4] INFO  o.e.m.c.i.embedder.EclipseLogger - Using 'UTF-8' encoding to copy filtered resources.
2015-10-11 23:35:07,909 [Worker-4] INFO  o.e.m.c.i.embedder.EclipseLogger - skip non existing resourceDirectory /Users/ayokota/Desktop/projects/informationRetrival/webCrawler/src/main/resources
2015-10-11 23:35:07,910 [Worker-4] INFO  o.e.m.c.i.embedder.EclipseLogger - Using 'UTF-8' encoding to copy filtered resources.
2015-10-11 23:35:07,910 [Worker-4] INFO  o.e.m.c.i.embedder.EclipseLogger - skip non existing resourceDirectory /Users/ayokota/Desktop/projects/informationRetrival/webCrawler/src/test/resources
2015-10-11 23:35:26,048 [Worker-7] INFO  o.e.m.c.i.embedder.EclipseLogger - Using 'UTF-8' encoding to copy filtered resources.
2015-10-11 23:35:26,048 [Worker-7] INFO  o.e.m.c.i.embedder.EclipseLogger - skip non existing resourceDirectory /Users/ayokota/Desktop/projects/informationRetrival/webCrawler/src/main/resources
2015-10-11 23:35:26,049 [Worker-7] INFO  o.e.m.c.i.embedder.EclipseLogger - Using 'UTF-8' encoding to copy filtered resources.
2015-10-11 23:35:26,049 [Worker-7] INFO  o.e.m.c.i.embedder.EclipseLogger - skip non existing resourceDirectory /Users/ayokota/Desktop/projects/informationRetrival/webCrawler/src/test/resources
2015-10-11 23:35:34,389 [Worker-7] INFO  o.e.m.c.i.embedder.EclipseLogger - Using 'UTF-8' encoding to copy filtered resources.
2015-10-11 23:35:34,389 [Worker-7] INFO  o.e.m.c.i.embedder.EclipseLogger - skip non existing resourceDirectory /Users/ayokota/Desktop/projects/informationRetrival/webCrawler/src/main/resources
2015-10-11 23:35:34,391 [Worker-7] INFO  o.e.m.c.i.embedder.EclipseLogger - Using 'UTF-8' encoding to copy filtered resources.
2015-10-11 23:35:34,391 [Worker-7] INFO  o.e.m.c.i.embedder.EclipseLogger - skip non existing resourceDirectory /Users/ayokota/Desktop/projects/informationRetrival/webCrawler/src/test/resources
2015-10-11 23:38:49,321 [Worker-7] INFO  o.e.m.c.i.embedder.EclipseLogger - Using 'UTF-8' encoding to copy filtered resources.
2015-10-11 23:38:49,321 [Worker-7] INFO  o.e.m.c.i.embedder.EclipseLogger - skip non existing resourceDirectory /Users/ayokota/Desktop/projects/informationRetrival/webCrawler/src/main/resources
2015-10-11 23:38:49,322 [Worker-7] INFO  o.e.m.c.i.embedder.EclipseLogger - Using 'UTF-8' encoding to copy filtered resources.
2015-10-11 23:38:49,322 [Worker-7] INFO  o.e.m.c.i.embedder.EclipseLogger - skip non existing resourceDirectory /Users/ayokota/Desktop/projects/informationRetrival/webCrawler/src/test/resources
2015-10-11 23:39:06,333 [Worker-8] INFO  o.e.m.c.i.embedder.EclipseLogger - Using 'UTF-8' encoding to copy filtered resources.
2015-10-11 23:39:06,333 [Worker-8] INFO  o.e.m.c.i.embedder.EclipseLogger - skip non existing resourceDirectory /Users/ayokota/Desktop/projects/informationRetrival/webCrawler/src/main/resources
2015-10-11 23:39:06,334 [Worker-8] INFO  o.e.m.c.i.embedder.EclipseLogger - Using 'UTF-8' encoding to copy filtered resources.
2015-10-11 23:39:06,335 [Worker-8] INFO  o.e.m.c.i.embedder.EclipseLogger - skip non existing resourceDirectory /Users/ayokota/Desktop/projects/informationRetrival/webCrawler/src/test/resources
2015-10-11 23:39:13,741 [Worker-0] INFO  o.e.m.c.i.embedder.EclipseLogger - Using 'UTF-8' encoding to copy filtered resources.
2015-10-11 23:39:13,741 [Worker-0] INFO  o.e.m.c.i.embedder.EclipseLogger - skip non existing resourceDirectory /Users/ayokota/Desktop/projects/informationRetrival/webCrawler/src/main/resources
2015-10-11 23:39:13,742 [Worker-0] INFO  o.e.m.c.i.embedder.EclipseLogger - Using 'UTF-8' encoding to copy filtered resources.
2015-10-11 23:39:13,742 [Worker-0] INFO  o.e.m.c.i.embedder.EclipseLogger - skip non existing resourceDirectory /Users/ayokota/Desktop/projects/informationRetrival/webCrawler/src/test/resources
2015-10-11 23:39:37,615 [Worker-7] INFO  o.e.m.c.i.embedder.EclipseLogger - Using 'UTF-8' encoding to copy filtered resources.
2015-10-11 23:39:37,615 [Worker-7] INFO  o.e.m.c.i.embedder.EclipseLogger - skip non existing resourceDirectory /Users/ayokota/Desktop/projects/informationRetrival/webCrawler/src/main/resources
2015-10-11 23:39:37,616 [Worker-7] INFO  o.e.m.c.i.embedder.EclipseLogger - Using 'UTF-8' encoding to copy filtered resources.
2015-10-11 23:39:37,616 [Worker-7] INFO  o.e.m.c.i.embedder.EclipseLogger - skip non existing resourceDirectory /Users/ayokota/Desktop/projects/informationRetrival/webCrawler/src/test/resources
